Building DAG of jobs...
Provided cores: 1 (use --cores to define parallelism)
Rules claiming more threads will be scaled down.
Job stats:
job                    count
-------------------  -------
all                        1
concatenate_quality        1
run_alignment              7
total                      9

Select jobs to execute...
Execute 1 jobs...

[Sun Jun  9 21:38:56 2024]
localrule run_alignment:
    input: data/alignments/test7.fa, data/params_simulated_annealing.txt
    output: output/test7.gfa, output/test7_quality.txt
    jobid: 7
    reason: Set of input files has changed since last execution; Params have changed since last execution
    wildcards: alignment=test7
    resources: tmpdir=C:\Users\ANDREA~1\AppData\Local\Temp

[Sun Jun  9 21:38:59 2024]
Finished job 7.
1 of 9 steps (11%) done
Select jobs to execute...
Execute 1 jobs...

[Sun Jun  9 21:38:59 2024]
localrule run_alignment:
    input: data/alignments/test5.fa, data/params_simulated_annealing.txt
    output: output/test5.gfa, output/test5_quality.txt
    jobid: 5
    reason: Set of input files has changed since last execution; Params have changed since last execution
    wildcards: alignment=test5
    resources: tmpdir=C:\Users\ANDREA~1\AppData\Local\Temp

[Sun Jun  9 21:39:01 2024]
Finished job 5.
2 of 9 steps (22%) done
Select jobs to execute...
Execute 1 jobs...

[Sun Jun  9 21:39:01 2024]
localrule run_alignment:
    input: data/alignments/test4.fa, data/params_simulated_annealing.txt
    output: output/test4.gfa, output/test4_quality.txt
    jobid: 4
    reason: Set of input files has changed since last execution; Params have changed since last execution
    wildcards: alignment=test4
    resources: tmpdir=C:\Users\ANDREA~1\AppData\Local\Temp

[Sun Jun  9 21:39:04 2024]
Finished job 4.
3 of 9 steps (33%) done
Select jobs to execute...
Execute 1 jobs...

[Sun Jun  9 21:39:04 2024]
localrule run_alignment:
    input: data/alignments/test3.fa, data/params_simulated_annealing.txt
    output: output/test3.gfa, output/test3_quality.txt
    jobid: 3
    reason: Set of input files has changed since last execution; Params have changed since last execution
    wildcards: alignment=test3
    resources: tmpdir=C:\Users\ANDREA~1\AppData\Local\Temp

[Sun Jun  9 21:39:06 2024]
Finished job 3.
4 of 9 steps (44%) done
Select jobs to execute...
Execute 1 jobs...

[Sun Jun  9 21:39:06 2024]
localrule run_alignment:
    input: data/alignments/test.fa, data/params_simulated_annealing.txt
    output: output/test.gfa, output/test_quality.txt
    jobid: 1
    reason: Set of input files has changed since last execution; Params have changed since last execution
    wildcards: alignment=test
    resources: tmpdir=C:\Users\ANDREA~1\AppData\Local\Temp

[Sun Jun  9 21:39:09 2024]
Finished job 1.
5 of 9 steps (56%) done
Select jobs to execute...
Execute 1 jobs...

[Sun Jun  9 21:39:09 2024]
localrule run_alignment:
    input: data/alignments/test2.fa, data/params_simulated_annealing.txt
    output: output/test2.gfa, output/test2_quality.txt
    jobid: 2
    reason: Set of input files has changed since last execution; Params have changed since last execution
    wildcards: alignment=test2
    resources: tmpdir=C:\Users\ANDREA~1\AppData\Local\Temp

[Sun Jun  9 21:39:11 2024]
Finished job 2.
6 of 9 steps (67%) done
Select jobs to execute...
Execute 1 jobs...

[Sun Jun  9 21:39:11 2024]
localrule run_alignment:
    input: data/alignments/test6.fa, data/params_simulated_annealing.txt
    output: output/test6.gfa, output/test6_quality.txt
    jobid: 6
    reason: Set of input files has changed since last execution; Params have changed since last execution
    wildcards: alignment=test6
    resources: tmpdir=C:\Users\ANDREA~1\AppData\Local\Temp

[Sun Jun  9 21:39:14 2024]
Finished job 6.
7 of 9 steps (78%) done
Select jobs to execute...
Execute 1 jobs...

[Sun Jun  9 21:39:14 2024]
localrule concatenate_quality:
    input: output/test_quality.txt, output/test2_quality.txt, output/test3_quality.txt, output/test4_quality.txt, output/test5_quality.txt, output/test6_quality.txt, output/test7_quality.txt
    output: output/all_quality.csv
    jobid: 8
    reason: Input files updated by another job: output/test2_quality.txt, output/test7_quality.txt, output/test6_quality.txt, output/test5_quality.txt, output/test4_quality.txt, output/test3_quality.txt, output/test_quality.txt
    resources: tmpdir=C:\Users\ANDREA~1\AppData\Local\Temp

[Sun Jun  9 21:39:14 2024]
Finished job 8.
8 of 9 steps (89%) done
Select jobs to execute...
Execute 1 jobs...

[Sun Jun  9 21:39:14 2024]
localrule all:
    input: output/test.gfa, output/test2.gfa, output/test3.gfa, output/test4.gfa, output/test5.gfa, output/test6.gfa, output/test7.gfa, output/test_quality.txt, output/test2_quality.txt, output/test3_quality.txt, output/test4_quality.txt, output/test5_quality.txt, output/test6_quality.txt, output/test7_quality.txt, output/all_quality.csv
    jobid: 0
    reason: Input files updated by another job: output/test6.gfa, output/test4.gfa, output/test7_quality.txt, output/test6_quality.txt, output/test5.gfa, output/test.gfa, output/test5_quality.txt, output/test3_quality.txt, output/test3.gfa, output/all_quality.csv, output/test2.gfa, output/test2_quality.txt, output/test7.gfa, output/test4_quality.txt, output/test_quality.txt
    resources: tmpdir=C:\Users\ANDREA~1\AppData\Local\Temp

[Sun Jun  9 21:39:14 2024]
Finished job 0.
9 of 9 steps (100%) done
Complete log: .snakemake\log\2024-06-09T213855.884495.snakemake.log
