Building DAG of jobs...
Provided cores: 1 (use --cores to define parallelism)
Rules claiming more threads will be scaled down.
Job stats:
job              count
-------------  -------
all                  1
run_alignment        7
total                8

Select jobs to execute...
Execute 1 jobs...

[Sat Jun  1 17:30:02 2024]
localrule run_alignment:
    input: data/params.txt, data/alignments/test7.fa
    output: output/test7.gfa, output/test7_quality.txt
    jobid: 7
    reason: Missing output files: output/test7.gfa, output/test7_quality.txt
    wildcards: alignment=test7
    resources: tmpdir=C:\Users\ANDREA~1\AppData\Local\Temp

[Sat Jun  1 17:30:03 2024]
Error in rule run_alignment:
    jobid: 7
    input: data/params.txt, data/alignments/test7.fa
    output: output/test7.gfa, output/test7_quality.txt
    shell:
        
        python Pangenome_graph_dict.py --params data/params.txt --input data/alignments/test7.fa --output output/test7.gfa --quality output/test7_quality.txt --alignment-name test test2 test3 test4 test5 test6 test7
        
        (one of the commands exited with non-zero exit code; note that snakemake uses bash strict mode!)

Shutting down, this might take some time.
Exiting because a job execution failed. Look above for error message
Complete log: .snakemake\log\2024-06-01T173002.277631.snakemake.log
WorkflowError:
At least one job did not complete successfully.
