Building DAG of jobs...
Provided cores: 1 (use --cores to define parallelism)
Rules claiming more threads will be scaled down.
Job stats:
job              count
-------------  -------
all                  1
run_alignment        1
total                2

Select jobs to execute...
Execute 1 jobs...

[Sat Jun  1 17:08:46 2024]
localrule run_alignment:
    input: data/params.txt, data/test.fa
    output: output/result.gfa, output/quality.txt
    jobid: 1
    reason: Missing output files: output/result.gfa, output/quality.txt
    resources: tmpdir=C:\Users\ANDREA~1\AppData\Local\Temp

[Sat Jun  1 17:08:50 2024]
Finished job 1.
1 of 2 steps (50%) done
Select jobs to execute...
Execute 1 jobs...

[Sat Jun  1 17:08:50 2024]
localrule all:
    input: output/result.gfa, output/quality.txt
    jobid: 0
    reason: Input files updated by another job: output/result.gfa, output/quality.txt
    resources: tmpdir=C:\Users\ANDREA~1\AppData\Local\Temp

[Sat Jun  1 17:08:50 2024]
Finished job 0.
2 of 2 steps (100%) done
Complete log: .snakemake\log\2024-06-01T170846.576011.snakemake.log
