Building DAG of jobs...
Provided cores: 1 (use --cores to define parallelism)
Rules claiming more threads will be scaled down.
Job stats:
job              count
-------------  -------
all                  1
run_alignment        1
total                2

Select jobs to execute...
Execute 1 jobs...

[Sat Jun  1 16:48:51 2024]
localrule run_alignment:
    input: data/params.txt, data/test.fa
    output: output/result.gfa, output/quality.txt
    jobid: 1
    reason: Updated input files: data/params.txt, data/test.fa
    resources: tmpdir=C:\Users\ANDREA~1\AppData\Local\Temp

[Sat Jun  1 16:48:52 2024]
Error in rule run_alignment:
    jobid: 1
    input: data/params.txt, data/test.fa
    output: output/result.gfa, output/quality.txt
    shell:
        
        python Pangenome_graph_dict.py --params data/params.txt --input data/test.fa --output output/result.gfa --quality output/quality.txt  
        
        (one of the commands exited with non-zero exit code; note that snakemake uses bash strict mode!)

Shutting down, this might take some time.
Exiting because a job execution failed. Look above for error message
Complete log: .snakemake\log\2024-06-01T164851.918754.snakemake.log
WorkflowError:
At least one job did not complete successfully.
