Building DAG of jobs...
Provided cores: 1 (use --cores to define parallelism)
Rules claiming more threads will be scaled down.
Job stats:
job              count
-------------  -------
all                  1
run_alignment        1
total                2

Select jobs to execute...
Execute 1 jobs...

[Sat Jun  1 17:26:37 2024]
localrule run_alignment:
    input: data/params.txt, data/alignments/test.fa, data/alignments/test2.fa, data/alignments/test3.fa, data/alignments/test4.fa, data/alignments/test5.fa, data/alignments/test6.fa, data/alignments/test7.fa
    output: output/test.gfa, output/test2.gfa, output/test3.gfa, output/test4.gfa, output/test5.gfa, output/test6.gfa, output/test7.gfa, output/test_quality.txt, output/test2_quality.txt, output/test3_quality.txt, output/test4_quality.txt, output/test5_quality.txt, output/test6_quality.txt, output/test7_quality.txt
    jobid: 1
    reason: Missing output files: output/test4_quality.txt, output/test4.gfa, output/test3.gfa, output/test5.gfa, output/test7.gfa, output/test6.gfa, output/test_quality.txt, output/test3_quality.txt, output/test7_quality.txt, output/test2_quality.txt, output/test6_quality.txt, output/test2.gfa, output/test5_quality.txt, output/test.gfa
    resources: tmpdir=C:\Users\ANDREA~1\AppData\Local\Temp

[Sat Jun  1 17:26:38 2024]
Error in rule run_alignment:
    jobid: 1
    input: data/params.txt, data/alignments/test.fa, data/alignments/test2.fa, data/alignments/test3.fa, data/alignments/test4.fa, data/alignments/test5.fa, data/alignments/test6.fa, data/alignments/test7.fa
    output: output/test.gfa, output/test2.gfa, output/test3.gfa, output/test4.gfa, output/test5.gfa, output/test6.gfa, output/test7.gfa, output/test_quality.txt, output/test2_quality.txt, output/test3_quality.txt, output/test4_quality.txt, output/test5_quality.txt, output/test6_quality.txt, output/test7_quality.txt
    shell:
        
        python Pangenome_graph_dict.py --params data/params.txt --input data/alignments/test.fa data/alignments/test2.fa data/alignments/test3.fa data/alignments/test4.fa data/alignments/test5.fa data/alignments/test6.fa data/alignments/test7.fa --output output/test.gfa output/test2.gfa output/test3.gfa output/test4.gfa output/test5.gfa output/test6.gfa output/test7.gfa --quality output/test_quality.txt output/test2_quality.txt output/test3_quality.txt output/test4_quality.txt output/test5_quality.txt output/test6_quality.txt output/test7_quality.txt  
        
        (one of the commands exited with non-zero exit code; note that snakemake uses bash strict mode!)

Shutting down, this might take some time.
Exiting because a job execution failed. Look above for error message
Complete log: .snakemake\log\2024-06-01T172637.187740.snakemake.log
WorkflowError:
At least one job did not complete successfully.
