	Command being timed: "python local_search.py --params data/params_local_search.txt --input data/alignments/30-sars-cov-2-ena.fa --output output/local_search/30-sars-cov-2-ena.gfa --quality output/local_search/30-sars-cov-2-ena_quality.txt"
	User time (seconds): 54735.86
	System time (seconds): 1.37
	Percent of CPU this job got: 99%
	Elapsed (wall clock) time (h:mm:ss or m:ss): 15:12:19
	Average shared text size (kbytes): 0
	Average unshared data size (kbytes): 0
	Average stack size (kbytes): 0
	Average total size (kbytes): 0
	Maximum resident set size (kbytes): 500940
	Average resident set size (kbytes): 0
	Major (requiring I/O) page faults: 160
	Minor (reclaiming a frame) page faults: 120262
	Voluntary context switches: 1509
	Involuntary context switches: 23250
	Swaps: 0
	File system inputs: 7472
	File system outputs: 25744
	Socket messages sent: 0
	Socket messages received: 0
	Signals delivered: 0
	Page size (bytes): 4096
	Exit status: 0
