	Command being timed: "python local_search.py --params data/params_local_search.txt --input data/alignments/20-sars-cov-2-ena.fa --output output/local_search/20-sars-cov-2-ena.gfa --quality output/local_search/20-sars-cov-2-ena_quality.txt"
	User time (seconds): 1379.08
	System time (seconds): 0.80
	Percent of CPU this job got: 99%
	Elapsed (wall clock) time (h:mm:ss or m:ss): 23:00.34
	Average shared text size (kbytes): 0
	Average unshared data size (kbytes): 0
	Average stack size (kbytes): 0
	Average total size (kbytes): 0
	Maximum resident set size (kbytes): 360528
	Average resident set size (kbytes): 0
	Major (requiring I/O) page faults: 22
	Minor (reclaiming a frame) page faults: 87791
	Voluntary context switches: 1319
	Involuntary context switches: 1308
	Swaps: 0
	File system inputs: 3408
	File system outputs: 576
	Socket messages sent: 0
	Socket messages received: 0
	Signals delivered: 0
	Page size (bytes): 4096
	Exit status: 0
