	Command being timed: "python local_search.py --params data/params_local_search.txt --input data/alignments/10-sars-cov-2-ena.fa --output output/local_search/10-sars-cov-2-ena.gfa --quality output/local_search/10-sars-cov-2-ena_quality.txt"
	User time (seconds): 9973.05
	System time (seconds): 0.67
	Percent of CPU this job got: 99%
	Elapsed (wall clock) time (h:mm:ss or m:ss): 2:46:16
	Average shared text size (kbytes): 0
	Average unshared data size (kbytes): 0
	Average stack size (kbytes): 0
	Average total size (kbytes): 0
	Maximum resident set size (kbytes): 210112
	Average resident set size (kbytes): 0
	Major (requiring I/O) page faults: 158
	Minor (reclaiming a frame) page faults: 58221
	Voluntary context switches: 2331
	Involuntary context switches: 37511
	Swaps: 0
	File system inputs: 11968
	File system outputs: 11696
	Socket messages sent: 0
	Socket messages received: 0
	Signals delivered: 0
	Page size (bytes): 4096
	Exit status: 0
