	Command being timed: "python simulated_annealing.py --params data/params_simulated_annealing.txt --input data/alignments/20-sars-cov-2-ena.fa --output output/simulated_annealing/20-sars-cov-2-ena.gfa --quality output/simulated_annealing/20-sars-cov-2-ena_quality.txt"
	User time (seconds): 25093.59
	System time (seconds): 1.12
	Percent of CPU this job got: 99%
	Elapsed (wall clock) time (h:mm:ss or m:ss): 6:58:22
	Average shared text size (kbytes): 0
	Average unshared data size (kbytes): 0
	Average stack size (kbytes): 0
	Average total size (kbytes): 0
	Maximum resident set size (kbytes): 337120
	Average resident set size (kbytes): 0
	Major (requiring I/O) page faults: 156
	Minor (reclaiming a frame) page faults: 83895
	Voluntary context switches: 2315
	Involuntary context switches: 77864
	Swaps: 0
	File system inputs: 8416
	File system outputs: 7264
	Socket messages sent: 0
	Socket messages received: 0
	Signals delivered: 0
	Page size (bytes): 4096
	Exit status: 0
