	Command being timed: "python simulated_annealing.py --params data/params_simulated_annealing.txt --input data/alignments/10-sars-cov-2-ena.fa --output output/simulated_annealing/10-sars-cov-2-ena.gfa --quality output/simulated_annealing/10-sars-cov-2-ena_quality.txt"
	User time (seconds): 622.96
	System time (seconds): 0.57
	Percent of CPU this job got: 99%
	Elapsed (wall clock) time (h:mm:ss or m:ss): 10:23.82
	Average shared text size (kbytes): 0
	Average unshared data size (kbytes): 0
	Average stack size (kbytes): 0
	Average total size (kbytes): 0
	Maximum resident set size (kbytes): 212808
	Average resident set size (kbytes): 0
	Major (requiring I/O) page faults: 37
	Minor (reclaiming a frame) page faults: 53640
	Voluntary context switches: 764
	Involuntary context switches: 1018
	Swaps: 0
	File system inputs: 3088
	File system outputs: 384
	Socket messages sent: 0
	Socket messages received: 0
	Signals delivered: 0
	Page size (bytes): 4096
	Exit status: 0
