	Command being timed: "python simulated_annealing.py --params data/params_simulated_annealing.txt --input data/alignments/30-sars-cov-2-ena.fa --output output/simulated_annealing/30-sars-cov-2-ena.gfa --quality output/simulated_annealing/30-sars-cov-2-ena_quality.txt"
	User time (seconds): 141.77
	System time (seconds): 0.95
	Percent of CPU this job got: 99%
	Elapsed (wall clock) time (h:mm:ss or m:ss): 2:23.08
	Average shared text size (kbytes): 0
	Average unshared data size (kbytes): 0
	Average stack size (kbytes): 0
	Average total size (kbytes): 0
	Maximum resident set size (kbytes): 502624
	Average resident set size (kbytes): 0
	Major (requiring I/O) page faults: 47
	Minor (reclaiming a frame) page faults: 118554
	Voluntary context switches: 1272
	Involuntary context switches: 245
	Swaps: 0
	File system inputs: 6992
	File system outputs: 4288
	Socket messages sent: 0
	Socket messages received: 0
	Signals delivered: 0
	Page size (bytes): 4096
	Exit status: 0
