	Command being timed: "python tabu_search.py --params data/params_tabu_search.txt --input data/alignments/10-sars-cov-2-ena.fa --output output/tabu_search/10-sars-cov-2-ena.gfa --quality output/tabu_search/10-sars-cov-2-ena_quality.txt"
	User time (seconds): 195.74
	System time (seconds): 0.20
	Percent of CPU this job got: 99%
	Elapsed (wall clock) time (h:mm:ss or m:ss): 3:15.99
	Average shared text size (kbytes): 0
	Average unshared data size (kbytes): 0
	Average stack size (kbytes): 0
	Average total size (kbytes): 0
	Maximum resident set size (kbytes): 224716
	Average resident set size (kbytes): 0
	Major (requiring I/O) page faults: 0
	Minor (reclaiming a frame) page faults: 57465
	Voluntary context switches: 5
	Involuntary context switches: 118
	Swaps: 0
	File system inputs: 0
	File system outputs: 272
	Socket messages sent: 0
	Socket messages received: 0
	Signals delivered: 0
	Page size (bytes): 4096
	Exit status: 0
