	Command being timed: "python tabu_search.py --params data/params_tabu_search.txt --input data/alignments/30-sars-cov-2-ena.fa --output output/tabu_search/30-sars-cov-2-ena.gfa --quality output/tabu_search/30-sars-cov-2-ena_quality.txt"
	User time (seconds): 346.80
	System time (seconds): 0.93
	Percent of CPU this job got: 99%
	Elapsed (wall clock) time (h:mm:ss or m:ss): 5:48.12
	Average shared text size (kbytes): 0
	Average unshared data size (kbytes): 0
	Average stack size (kbytes): 0
	Average total size (kbytes): 0
	Maximum resident set size (kbytes): 539304
	Average resident set size (kbytes): 0
	Major (requiring I/O) page faults: 30
	Minor (reclaiming a frame) page faults: 126483
	Voluntary context switches: 906
	Involuntary context switches: 856
	Swaps: 0
	File system inputs: 1560
	File system outputs: 5224
	Socket messages sent: 0
	Socket messages received: 0
	Signals delivered: 0
	Page size (bytes): 4096
	Exit status: 0
