	Command being timed: "python tabu_search.py --params data/params_tabu_search.txt --input data/alignments/20-sars-cov-2-ena.fa --output output/tabu_search/20-sars-cov-2-ena.gfa --quality output/tabu_search/20-sars-cov-2-ena_quality.txt"
	User time (seconds): 424.98
	System time (seconds): 0.70
	Percent of CPU this job got: 99%
	Elapsed (wall clock) time (h:mm:ss or m:ss): 7:06.06
	Average shared text size (kbytes): 0
	Average unshared data size (kbytes): 0
	Average stack size (kbytes): 0
	Average total size (kbytes): 0
	Maximum resident set size (kbytes): 360536
	Average resident set size (kbytes): 0
	Major (requiring I/O) page faults: 36
	Minor (reclaiming a frame) page faults: 88373
	Voluntary context switches: 1250
	Involuntary context switches: 278
	Swaps: 0
	File system inputs: 4032
	File system outputs: 256
	Socket messages sent: 0
	Socket messages received: 0
	Signals delivered: 0
	Page size (bytes): 4096
	Exit status: 0
